<testsuites id="" name="" tests="25" failures="10" skipped="0" errors="0" time="166.817824">
<testsuite name="auth\email-password.spec.ts" timestamp="2026-04-30T03:40:04.516Z" hostname="chromium-desktop" tests="5" failures="0" skipped="0" time="25.141" errors="0">
<testcase name="Authentication — Email + Password › TC-AUTH-01-01 · Login page renders all required elements" classname="auth\email-password.spec.ts" time="5.169">
</testcase>
<testcase name="Authentication — Email + Password › TC-AUTH-01-02 · Successful login with valid email and password" classname="auth\email-password.spec.ts" time="5.55">
</testcase>
<testcase name="Authentication — Email + Password › TC-AUTH-01-03 · Password field masks input" classname="auth\email-password.spec.ts" time="1.766">
</testcase>
<testcase name="Authentication — Email + Password › TC-AUTH-01-04 · Session persists on page reload after login" classname="auth\email-password.spec.ts" time="8.331">
</testcase>
<testcase name="Authentication — Email + Password › TC-AUTH-01-05 · Logout clears session and redirects to login" classname="auth\email-password.spec.ts" time="4.325">
</testcase>
</testsuite>
<testsuite name="auth\email-password.spec.ts" timestamp="2026-04-30T03:40:04.516Z" hostname="firefox-desktop" tests="5" failures="0" skipped="0" time="34.355" errors="0">
<testcase name="Authentication — Email + Password › TC-AUTH-01-01 · Login page renders all required elements" classname="auth\email-password.spec.ts" time="3.956">
</testcase>
<testcase name="Authentication — Email + Password › TC-AUTH-01-02 · Successful login with valid email and password" classname="auth\email-password.spec.ts" time="15.929">
</testcase>
<testcase name="Authentication — Email + Password › TC-AUTH-01-03 · Password field masks input" classname="auth\email-password.spec.ts" time="2.066">
</testcase>
<testcase name="Authentication — Email + Password › TC-AUTH-01-04 · Session persists on page reload after login" classname="auth\email-password.spec.ts" time="7.852">
</testcase>
<testcase name="Authentication — Email + Password › TC-AUTH-01-05 · Logout clears session and redirects to login" classname="auth\email-password.spec.ts" time="4.552">
</testcase>
</testsuite>
<testsuite name="auth\email-password.spec.ts" timestamp="2026-04-30T03:40:04.516Z" hostname="webkit-desktop" tests="5" failures="0" skipped="0" time="37.835" errors="0">
<testcase name="Authentication — Email + Password › TC-AUTH-01-01 · Login page renders all required elements" classname="auth\email-password.spec.ts" time="3.43">
</testcase>
<testcase name="Authentication — Email + Password › TC-AUTH-01-02 · Successful login with valid email and password" classname="auth\email-password.spec.ts" time="5.237">
</testcase>
<testcase name="Authentication — Email + Password › TC-AUTH-01-03 · Password field masks input" classname="auth\email-password.spec.ts" time="3.863">
</testcase>
<testcase name="Authentication — Email + Password › TC-AUTH-01-04 · Session persists on page reload after login" classname="auth\email-password.spec.ts" time="17.725">
</testcase>
<testcase name="Authentication — Email + Password › TC-AUTH-01-05 · Logout clears session and redirects to login" classname="auth\email-password.spec.ts" time="7.58">
</testcase>
</testsuite>
<testsuite name="auth\email-password.spec.ts" timestamp="2026-04-30T03:40:04.516Z" hostname="android-chrome" tests="5" failures="5" skipped="0" time="59.242" errors="0">
<testcase name="Authentication — Email + Password › TC-AUTH-01-01 · Login page renders all required elements" classname="auth\email-password.spec.ts" time="12.258">
<system-out>
<![CDATA[
[[ATTACHMENT|auth-email-password-Authen-e3ee5-nders-all-required-elements-android-chrome\test-failed-1.png]]

[[ATTACHMENT|auth-email-password-Authen-e3ee5-nders-all-required-elements-android-chrome\video.webm]]

[[ATTACHMENT|auth-email-password-Authen-e3ee5-nders-all-required-elements-android-chrome\error-context.md]]
]]>
</system-out>
<failure message="expect(locator).toBeVisible() failed" type="expect.toBeVisible">
<![CDATA[  [android-chrome] › auth\email-password.spec.ts:20:7 › Authentication — Email + Password › TC-AUTH-01-01 · Login page renders all required elements @smoke @auth 

    Error: expect(locator).toBeVisible() failed

    Locator: locator('[data-testid="password-input"], input[name="password"], input[type="password"]').first()
    Expected: visible
    Timeout: 10000ms
    Error: element(s) not found

    Call log:
      - Expect "toBeVisible" with timeout 10000ms
      - waiting for locator('[data-testid="password-input"], input[name="password"], input[type="password"]').first()


       at ..\pages\LoginPage.ts:57

      55 |
      56 |   // True gate: password input must be present regardless of which path we took.
    > 57 |   await expect(this.passwordInput()).toBeVisible({ timeout: 10_000 });
         |                                      ^
      58 | }
      59 |   async openLoginPage(): Promise<void> {
      60 |     await this.navigate();
        at LoginPage.switchToPasswordLogin (C:\Users\Lenovo\Manasi\nuqi_wealth_global\nuqi-tests\pages\LoginPage.ts:57:38)
        at C:\Users\Lenovo\Manasi\nuqi_wealth_global\nuqi-tests\tests\auth\email-password.spec.ts:16:5

    attachment #1: screenshot (image/png) ──────────────────────────────────────────────────────────
    ..\test-results\auth-email-password-Authen-e3ee5-nders-all-required-elements-android-chrome\test-failed-1.png
    ────────────────────────────────────────────────────────────────────────────────────────────────

    attachment #2: video (video/webm) ──────────────────────────────────────────────────────────────
    ..\test-results\auth-email-password-Authen-e3ee5-nders-all-required-elements-android-chrome\video.webm
    ────────────────────────────────────────────────────────────────────────────────────────────────

    Error Context: ..\test-results\auth-email-password-Authen-e3ee5-nders-all-required-elements-android-chrome\error-context.md
]]>
</failure>
</testcase>
<testcase name="Authentication — Email + Password › TC-AUTH-01-02 · Successful login with valid email and password" classname="auth\email-password.spec.ts" time="11.803">
<system-out>
<![CDATA[
[[ATTACHMENT|auth-email-password-Authen-00894-th-valid-email-and-password-android-chrome\test-failed-1.png]]

[[ATTACHMENT|auth-email-password-Authen-00894-th-valid-email-and-password-android-chrome\video.webm]]

[[ATTACHMENT|auth-email-password-Authen-00894-th-valid-email-and-password-android-chrome\error-context.md]]
]]>
</system-out>
<failure message="expect(locator).toBeVisible() failed" type="expect.toBeVisible">
<![CDATA[  [android-chrome] › auth\email-password.spec.ts:44:7 › Authentication — Email + Password › TC-AUTH-01-02 · Successful login with valid email and password @smoke @auth @p0 

    Error: expect(locator).toBeVisible() failed

    Locator: locator('[data-testid="password-input"], input[name="password"], input[type="password"]').first()
    Expected: visible
    Timeout: 10000ms
    Error: element(s) not found

    Call log:
      - Expect "toBeVisible" with timeout 10000ms
      - waiting for locator('[data-testid="password-input"], input[name="password"], input[type="password"]').first()


       at ..\pages\LoginPage.ts:57

      55 |
      56 |   // True gate: password input must be present regardless of which path we took.
    > 57 |   await expect(this.passwordInput()).toBeVisible({ timeout: 10_000 });
         |                                      ^
      58 | }
      59 |   async openLoginPage(): Promise<void> {
      60 |     await this.navigate();
        at LoginPage.switchToPasswordLogin (C:\Users\Lenovo\Manasi\nuqi_wealth_global\nuqi-tests\pages\LoginPage.ts:57:38)
        at C:\Users\Lenovo\Manasi\nuqi_wealth_global\nuqi-tests\tests\auth\email-password.spec.ts:16:5

    attachment #1: screenshot (image/png) ──────────────────────────────────────────────────────────
    ..\test-results\auth-email-password-Authen-00894-th-valid-email-and-password-android-chrome\test-failed-1.png
    ────────────────────────────────────────────────────────────────────────────────────────────────

    attachment #2: video (video/webm) ──────────────────────────────────────────────────────────────
    ..\test-results\auth-email-password-Authen-00894-th-valid-email-and-password-android-chrome\video.webm
    ────────────────────────────────────────────────────────────────────────────────────────────────

    Error Context: ..\test-results\auth-email-password-Authen-00894-th-valid-email-and-password-android-chrome\error-context.md
]]>
</failure>
</testcase>
<testcase name="Authentication — Email + Password › TC-AUTH-01-03 · Password field masks input" classname="auth\email-password.spec.ts" time="11.779">
<system-out>
<![CDATA[
[[ATTACHMENT|auth-email-password-Authen-ba4fa--Password-field-masks-input-android-chrome\test-failed-1.png]]

[[ATTACHMENT|auth-email-password-Authen-ba4fa--Password-field-masks-input-android-chrome\video.webm]]

[[ATTACHMENT|auth-email-password-Authen-ba4fa--Password-field-masks-input-android-chrome\error-context.md]]
]]>
</system-out>
<failure message="expect(locator).toBeVisible() failed" type="expect.toBeVisible">
<![CDATA[  [android-chrome] › auth\email-password.spec.ts:65:7 › Authentication — Email + Password › TC-AUTH-01-03 · Password field masks input @auth 

    Error: expect(locator).toBeVisible() failed

    Locator: locator('[data-testid="password-input"], input[name="password"], input[type="password"]').first()
    Expected: visible
    Timeout: 10000ms
    Error: element(s) not found

    Call log:
      - Expect "toBeVisible" with timeout 10000ms
      - waiting for locator('[data-testid="password-input"], input[name="password"], input[type="password"]').first()


       at ..\pages\LoginPage.ts:57

      55 |
      56 |   // True gate: password input must be present regardless of which path we took.
    > 57 |   await expect(this.passwordInput()).toBeVisible({ timeout: 10_000 });
         |                                      ^
      58 | }
      59 |   async openLoginPage(): Promise<void> {
      60 |     await this.navigate();
        at LoginPage.switchToPasswordLogin (C:\Users\Lenovo\Manasi\nuqi_wealth_global\nuqi-tests\pages\LoginPage.ts:57:38)
        at C:\Users\Lenovo\Manasi\nuqi_wealth_global\nuqi-tests\tests\auth\email-password.spec.ts:16:5

    attachment #1: screenshot (image/png) ──────────────────────────────────────────────────────────
    ..\test-results\auth-email-password-Authen-ba4fa--Password-field-masks-input-android-chrome\test-failed-1.png
    ────────────────────────────────────────────────────────────────────────────────────────────────

    attachment #2: video (video/webm) ──────────────────────────────────────────────────────────────
    ..\test-results\auth-email-password-Authen-ba4fa--Password-field-masks-input-android-chrome\video.webm
    ────────────────────────────────────────────────────────────────────────────────────────────────

    Error Context: ..\test-results\auth-email-password-Authen-ba4fa--Password-field-masks-input-android-chrome\error-context.md
]]>
</failure>
</testcase>
<testcase name="Authentication — Email + Password › TC-AUTH-01-04 · Session persists on page reload after login" classname="auth\email-password.spec.ts" time="11.647">
<system-out>
<![CDATA[
[[ATTACHMENT|auth-email-password-Authen-bda8a--on-page-reload-after-login-android-chrome\test-failed-1.png]]

[[ATTACHMENT|auth-email-password-Authen-bda8a--on-page-reload-after-login-android-chrome\video.webm]]

[[ATTACHMENT|auth-email-password-Authen-bda8a--on-page-reload-after-login-android-chrome\error-context.md]]
]]>
</system-out>
<failure message="expect(locator).toBeVisible() failed" type="expect.toBeVisible">
<![CDATA[  [android-chrome] › auth\email-password.spec.ts:77:7 › Authentication — Email + Password › TC-AUTH-01-04 · Session persists on page reload after login @auth @regression 

    Error: expect(locator).toBeVisible() failed

    Locator: locator('[data-testid="password-input"], input[name="password"], input[type="password"]').first()
    Expected: visible
    Timeout: 10000ms
    Error: element(s) not found

    Call log:
      - Expect "toBeVisible" with timeout 10000ms
      - waiting for locator('[data-testid="password-input"], input[name="password"], input[type="password"]').first()


       at ..\pages\LoginPage.ts:57

      55 |
      56 |   // True gate: password input must be present regardless of which path we took.
    > 57 |   await expect(this.passwordInput()).toBeVisible({ timeout: 10_000 });
         |                                      ^
      58 | }
      59 |   async openLoginPage(): Promise<void> {
      60 |     await this.navigate();
        at LoginPage.switchToPasswordLogin (C:\Users\Lenovo\Manasi\nuqi_wealth_global\nuqi-tests\pages\LoginPage.ts:57:38)
        at C:\Users\Lenovo\Manasi\nuqi_wealth_global\nuqi-tests\tests\auth\email-password.spec.ts:16:5

    attachment #1: screenshot (image/png) ──────────────────────────────────────────────────────────
    ..\test-results\auth-email-password-Authen-bda8a--on-page-reload-after-login-android-chrome\test-failed-1.png
    ────────────────────────────────────────────────────────────────────────────────────────────────

    attachment #2: video (video/webm) ──────────────────────────────────────────────────────────────
    ..\test-results\auth-email-password-Authen-bda8a--on-page-reload-after-login-android-chrome\video.webm
    ────────────────────────────────────────────────────────────────────────────────────────────────

    Error Context: ..\test-results\auth-email-password-Authen-bda8a--on-page-reload-after-login-android-chrome\error-context.md
]]>
</failure>
</testcase>
<testcase name="Authentication — Email + Password › TC-AUTH-01-05 · Logout clears session and redirects to login" classname="auth\email-password.spec.ts" time="11.755">
<system-out>
<![CDATA[
[[ATTACHMENT|auth-email-password-Authen-bfb39-sion-and-redirects-to-login-android-chrome\test-failed-1.png]]

[[ATTACHMENT|auth-email-password-Authen-bfb39-sion-and-redirects-to-login-android-chrome\video.webm]]

[[ATTACHMENT|auth-email-password-Authen-bfb39-sion-and-redirects-to-login-android-chrome\error-context.md]]
]]>
</system-out>
<failure message="expect(locator).toBeVisible() failed" type="expect.toBeVisible">
<![CDATA[  [android-chrome] › auth\email-password.spec.ts:99:7 › Authentication — Email + Password › TC-AUTH-01-05 · Logout clears session and redirects to login @auth @regression 

    Error: expect(locator).toBeVisible() failed

    Locator: locator('[data-testid="password-input"], input[name="password"], input[type="password"]').first()
    Expected: visible
    Timeout: 10000ms
    Error: element(s) not found

    Call log:
      - Expect "toBeVisible" with timeout 10000ms
      - waiting for locator('[data-testid="password-input"], input[name="password"], input[type="password"]').first()


       at ..\pages\LoginPage.ts:57

      55 |
      56 |   // True gate: password input must be present regardless of which path we took.
    > 57 |   await expect(this.passwordInput()).toBeVisible({ timeout: 10_000 });
         |                                      ^
      58 | }
      59 |   async openLoginPage(): Promise<void> {
      60 |     await this.navigate();
        at LoginPage.switchToPasswordLogin (C:\Users\Lenovo\Manasi\nuqi_wealth_global\nuqi-tests\pages\LoginPage.ts:57:38)
        at C:\Users\Lenovo\Manasi\nuqi_wealth_global\nuqi-tests\tests\auth\email-password.spec.ts:16:5

    attachment #1: screenshot (image/png) ──────────────────────────────────────────────────────────
    ..\test-results\auth-email-password-Authen-bfb39-sion-and-redirects-to-login-android-chrome\test-failed-1.png
    ────────────────────────────────────────────────────────────────────────────────────────────────

    attachment #2: video (video/webm) ──────────────────────────────────────────────────────────────
    ..\test-results\auth-email-password-Authen-bfb39-sion-and-redirects-to-login-android-chrome\video.webm
    ────────────────────────────────────────────────────────────────────────────────────────────────

    Error Context: ..\test-results\auth-email-password-Authen-bfb39-sion-and-redirects-to-login-android-chrome\error-context.md
]]>
</failure>
</testcase>
</testsuite>
<testsuite name="auth\email-password.spec.ts" timestamp="2026-04-30T03:40:04.516Z" hostname="ios-safari" tests="5" failures="5" skipped="0" time="60.144" errors="0">
<testcase name="Authentication — Email + Password › TC-AUTH-01-01 · Login page renders all required elements" classname="auth\email-password.spec.ts" time="11.965">
<system-out>
<![CDATA[
[[ATTACHMENT|auth-email-password-Authen-e3ee5-nders-all-required-elements-ios-safari\test-failed-1.png]]

[[ATTACHMENT|auth-email-password-Authen-e3ee5-nders-all-required-elements-ios-safari\video.webm]]

[[ATTACHMENT|auth-email-password-Authen-e3ee5-nders-all-required-elements-ios-safari\error-context.md]]
]]>
</system-out>
<failure message="expect(locator).toBeVisible() failed" type="expect.toBeVisible">
<![CDATA[  [ios-safari] › auth\email-password.spec.ts:20:7 › Authentication — Email + Password › TC-AUTH-01-01 · Login page renders all required elements @smoke @auth 

    Error: expect(locator).toBeVisible() failed

    Locator: locator('[data-testid="password-input"], input[name="password"], input[type="password"]').first()
    Expected: visible
    Timeout: 10000ms
    Error: element(s) not found

    Call log:
      - Expect "toBeVisible" with timeout 10000ms
      - waiting for locator('[data-testid="password-input"], input[name="password"], input[type="password"]').first()


       at ..\pages\LoginPage.ts:57

      55 |
      56 |   // True gate: password input must be present regardless of which path we took.
    > 57 |   await expect(this.passwordInput()).toBeVisible({ timeout: 10_000 });
         |                                      ^
      58 | }
      59 |   async openLoginPage(): Promise<void> {
      60 |     await this.navigate();
        at LoginPage.switchToPasswordLogin (C:\Users\Lenovo\Manasi\nuqi_wealth_global\nuqi-tests\pages\LoginPage.ts:57:38)
        at C:\Users\Lenovo\Manasi\nuqi_wealth_global\nuqi-tests\tests\auth\email-password.spec.ts:16:5

    attachment #1: screenshot (image/png) ──────────────────────────────────────────────────────────
    ..\test-results\auth-email-password-Authen-e3ee5-nders-all-required-elements-ios-safari\test-failed-1.png
    ────────────────────────────────────────────────────────────────────────────────────────────────

    attachment #2: video (video/webm) ──────────────────────────────────────────────────────────────
    ..\test-results\auth-email-password-Authen-e3ee5-nders-all-required-elements-ios-safari\video.webm
    ────────────────────────────────────────────────────────────────────────────────────────────────

    Error Context: ..\test-results\auth-email-password-Authen-e3ee5-nders-all-required-elements-ios-safari\error-context.md
]]>
</failure>
</testcase>
<testcase name="Authentication — Email + Password › TC-AUTH-01-02 · Successful login with valid email and password" classname="auth\email-password.spec.ts" time="12.006">
<system-out>
<![CDATA[
[[ATTACHMENT|auth-email-password-Authen-00894-th-valid-email-and-password-ios-safari\test-failed-1.png]]

[[ATTACHMENT|auth-email-password-Authen-00894-th-valid-email-and-password-ios-safari\video.webm]]

[[ATTACHMENT|auth-email-password-Authen-00894-th-valid-email-and-password-ios-safari\error-context.md]]
]]>
</system-out>
<failure message="expect(locator).toBeVisible() failed" type="expect.toBeVisible">
<![CDATA[  [ios-safari] › auth\email-password.spec.ts:44:7 › Authentication — Email + Password › TC-AUTH-01-02 · Successful login with valid email and password @smoke @auth @p0 

    Error: expect(locator).toBeVisible() failed

    Locator: locator('[data-testid="password-input"], input[name="password"], input[type="password"]').first()
    Expected: visible
    Timeout: 10000ms
    Error: element(s) not found

    Call log:
      - Expect "toBeVisible" with timeout 10000ms
      - waiting for locator('[data-testid="password-input"], input[name="password"], input[type="password"]').first()


       at ..\pages\LoginPage.ts:57

      55 |
      56 |   // True gate: password input must be present regardless of which path we took.
    > 57 |   await expect(this.passwordInput()).toBeVisible({ timeout: 10_000 });
         |                                      ^
      58 | }
      59 |   async openLoginPage(): Promise<void> {
      60 |     await this.navigate();
        at LoginPage.switchToPasswordLogin (C:\Users\Lenovo\Manasi\nuqi_wealth_global\nuqi-tests\pages\LoginPage.ts:57:38)
        at C:\Users\Lenovo\Manasi\nuqi_wealth_global\nuqi-tests\tests\auth\email-password.spec.ts:16:5

    attachment #1: screenshot (image/png) ──────────────────────────────────────────────────────────
    ..\test-results\auth-email-password-Authen-00894-th-valid-email-and-password-ios-safari\test-failed-1.png
    ────────────────────────────────────────────────────────────────────────────────────────────────

    attachment #2: video (video/webm) ──────────────────────────────────────────────────────────────
    ..\test-results\auth-email-password-Authen-00894-th-valid-email-and-password-ios-safari\video.webm
    ────────────────────────────────────────────────────────────────────────────────────────────────

    Error Context: ..\test-results\auth-email-password-Authen-00894-th-valid-email-and-password-ios-safari\error-context.md
]]>
</failure>
</testcase>
<testcase name="Authentication — Email + Password › TC-AUTH-01-03 · Password field masks input" classname="auth\email-password.spec.ts" time="11.889">
<system-out>
<![CDATA[
[[ATTACHMENT|auth-email-password-Authen-ba4fa--Password-field-masks-input-ios-safari\test-failed-1.png]]

[[ATTACHMENT|auth-email-password-Authen-ba4fa--Password-field-masks-input-ios-safari\video.webm]]

[[ATTACHMENT|auth-email-password-Authen-ba4fa--Password-field-masks-input-ios-safari\error-context.md]]
]]>
</system-out>
<failure message="expect(locator).toBeVisible() failed" type="expect.toBeVisible">
<![CDATA[  [ios-safari] › auth\email-password.spec.ts:65:7 › Authentication — Email + Password › TC-AUTH-01-03 · Password field masks input @auth 

    Error: expect(locator).toBeVisible() failed

    Locator: locator('[data-testid="password-input"], input[name="password"], input[type="password"]').first()
    Expected: visible
    Timeout: 10000ms
    Error: element(s) not found

    Call log:
      - Expect "toBeVisible" with timeout 10000ms
      - waiting for locator('[data-testid="password-input"], input[name="password"], input[type="password"]').first()


       at ..\pages\LoginPage.ts:57

      55 |
      56 |   // True gate: password input must be present regardless of which path we took.
    > 57 |   await expect(this.passwordInput()).toBeVisible({ timeout: 10_000 });
         |                                      ^
      58 | }
      59 |   async openLoginPage(): Promise<void> {
      60 |     await this.navigate();
        at LoginPage.switchToPasswordLogin (C:\Users\Lenovo\Manasi\nuqi_wealth_global\nuqi-tests\pages\LoginPage.ts:57:38)
        at C:\Users\Lenovo\Manasi\nuqi_wealth_global\nuqi-tests\tests\auth\email-password.spec.ts:16:5

    attachment #1: screenshot (image/png) ──────────────────────────────────────────────────────────
    ..\test-results\auth-email-password-Authen-ba4fa--Password-field-masks-input-ios-safari\test-failed-1.png
    ────────────────────────────────────────────────────────────────────────────────────────────────

    attachment #2: video (video/webm) ──────────────────────────────────────────────────────────────
    ..\test-results\auth-email-password-Authen-ba4fa--Password-field-masks-input-ios-safari\video.webm
    ────────────────────────────────────────────────────────────────────────────────────────────────

    Error Context: ..\test-results\auth-email-password-Authen-ba4fa--Password-field-masks-input-ios-safari\error-context.md
]]>
</failure>
</testcase>
<testcase name="Authentication — Email + Password › TC-AUTH-01-04 · Session persists on page reload after login" classname="auth\email-password.spec.ts" time="12.266">
<system-out>
<![CDATA[
[[ATTACHMENT|auth-email-password-Authen-bda8a--on-page-reload-after-login-ios-safari\test-failed-1.png]]

[[ATTACHMENT|auth-email-password-Authen-bda8a--on-page-reload-after-login-ios-safari\video.webm]]

[[ATTACHMENT|auth-email-password-Authen-bda8a--on-page-reload-after-login-ios-safari\error-context.md]]
]]>
</system-out>
<failure message="expect(locator).toBeVisible() failed" type="expect.toBeVisible">
<![CDATA[  [ios-safari] › auth\email-password.spec.ts:77:7 › Authentication — Email + Password › TC-AUTH-01-04 · Session persists on page reload after login @auth @regression 

    Error: expect(locator).toBeVisible() failed

    Locator: locator('[data-testid="password-input"], input[name="password"], input[type="password"]').first()
    Expected: visible
    Timeout: 10000ms
    Error: element(s) not found

    Call log:
      - Expect "toBeVisible" with timeout 10000ms
      - waiting for locator('[data-testid="password-input"], input[name="password"], input[type="password"]').first()


       at ..\pages\LoginPage.ts:57

      55 |
      56 |   // True gate: password input must be present regardless of which path we took.
    > 57 |   await expect(this.passwordInput()).toBeVisible({ timeout: 10_000 });
         |                                      ^
      58 | }
      59 |   async openLoginPage(): Promise<void> {
      60 |     await this.navigate();
        at LoginPage.switchToPasswordLogin (C:\Users\Lenovo\Manasi\nuqi_wealth_global\nuqi-tests\pages\LoginPage.ts:57:38)
        at C:\Users\Lenovo\Manasi\nuqi_wealth_global\nuqi-tests\tests\auth\email-password.spec.ts:16:5

    attachment #1: screenshot (image/png) ──────────────────────────────────────────────────────────
    ..\test-results\auth-email-password-Authen-bda8a--on-page-reload-after-login-ios-safari\test-failed-1.png
    ────────────────────────────────────────────────────────────────────────────────────────────────

    attachment #2: video (video/webm) ──────────────────────────────────────────────────────────────
    ..\test-results\auth-email-password-Authen-bda8a--on-page-reload-after-login-ios-safari\video.webm
    ────────────────────────────────────────────────────────────────────────────────────────────────

    Error Context: ..\test-results\auth-email-password-Authen-bda8a--on-page-reload-after-login-ios-safari\error-context.md
]]>
</failure>
</testcase>
<testcase name="Authentication — Email + Password › TC-AUTH-01-05 · Logout clears session and redirects to login" classname="auth\email-password.spec.ts" time="12.018">
<system-out>
<![CDATA[
[[ATTACHMENT|auth-email-password-Authen-bfb39-sion-and-redirects-to-login-ios-safari\test-failed-1.png]]

[[ATTACHMENT|auth-email-password-Authen-bfb39-sion-and-redirects-to-login-ios-safari\video.webm]]

[[ATTACHMENT|auth-email-password-Authen-bfb39-sion-and-redirects-to-login-ios-safari\error-context.md]]
]]>
</system-out>
<failure message="expect(locator).toBeVisible() failed" type="expect.toBeVisible">
<![CDATA[  [ios-safari] › auth\email-password.spec.ts:99:7 › Authentication — Email + Password › TC-AUTH-01-05 · Logout clears session and redirects to login @auth @regression 

    Error: expect(locator).toBeVisible() failed

    Locator: locator('[data-testid="password-input"], input[name="password"], input[type="password"]').first()
    Expected: visible
    Timeout: 10000ms
    Error: element(s) not found

    Call log:
      - Expect "toBeVisible" with timeout 10000ms
      - waiting for locator('[data-testid="password-input"], input[name="password"], input[type="password"]').first()


       at ..\pages\LoginPage.ts:57

      55 |
      56 |   // True gate: password input must be present regardless of which path we took.
    > 57 |   await expect(this.passwordInput()).toBeVisible({ timeout: 10_000 });
         |                                      ^
      58 | }
      59 |   async openLoginPage(): Promise<void> {
      60 |     await this.navigate();
        at LoginPage.switchToPasswordLogin (C:\Users\Lenovo\Manasi\nuqi_wealth_global\nuqi-tests\pages\LoginPage.ts:57:38)
        at C:\Users\Lenovo\Manasi\nuqi_wealth_global\nuqi-tests\tests\auth\email-password.spec.ts:16:5

    attachment #1: screenshot (image/png) ──────────────────────────────────────────────────────────
    ..\test-results\auth-email-password-Authen-bfb39-sion-and-redirects-to-login-ios-safari\test-failed-1.png
    ────────────────────────────────────────────────────────────────────────────────────────────────

    attachment #2: video (video/webm) ──────────────────────────────────────────────────────────────
    ..\test-results\auth-email-password-Authen-bfb39-sion-and-redirects-to-login-ios-safari\video.webm
    ────────────────────────────────────────────────────────────────────────────────────────────────

    Error Context: ..\test-results\auth-email-password-Authen-bfb39-sion-and-redirects-to-login-ios-safari\error-context.md
]]>
</failure>
</testcase>
</testsuite>
</testsuites>